<?xml version="1.0" encoding="UTF-8"?>
<!-- Generated by org.testng.reporters.JUnitReportReporter -->
<testsuite hostname="USHYDMMEDAVARA3" name="aut.sample.Demo_999.AppTest" tests="1" failures="0" timestamp="22 Mar 2018 05:51:01 GMT" time="7.433" errors="0">
  <testcase name="test" time="7.433" classname="aut.sample.Demo_999.AppTest"/>
</testsuite> <!-- aut.sample.Demo_999.AppTest -->
