<?xml version="1.0" encoding="UTF-8"?>
<!-- Generated by org.testng.reporters.JUnitReportReporter -->
<testsuite hostname="USHYDMMEDAVARA3" name="aut.sample.Demo_999.AppTest" tests="30" failures="15" timestamp="22 Mar 2018 05:36:39 GMT" time="6.207" errors="0">
  <testcase name="test" time="6.207" classname="aut.sample.Demo_999.AppTest"/>
</testsuite> <!-- aut.sample.Demo_999.AppTest -->
